<?xml version="1.0" encoding="UTF-8"?>
<!-- Generated by org.testng.reporters.JUnitReportReporter -->
<testsuite skipped="0" hostname="LAPTOP-4JEGNDS1" name="com.assignment.TestCases.LoginTest" tests="1" failures="0" timestamp="05 Jun 2019 11:06:37 GMT" time="17.030" errors="0">
  <testcase name="validate_Loginpage" time="17.030" classname="com.assignment.TestCases.LoginTest"/>
</testsuite> <!-- com.assignment.TestCases.LoginTest -->
