<?xml version="1.0" encoding="UTF-8"?>
<!-- Generated by org.testng.reporters.JUnitReportReporter -->
<testsuite skipped="0" hostname="LAPTOP-4JEGNDS1" name="com.assignment.TestCases.LogoutTest" tests="1" failures="0" timestamp="06 Jun 2019 08:20:25 GMT" time="28.507" errors="0">
  <testcase name="validate_Logoutpage" time="28.507" classname="com.assignment.TestCases.LogoutTest"/>
</testsuite> <!-- com.assignment.TestCases.LogoutTest -->
